<?xml version="1.0" encoding="UTF-8"?>
<!-- Generated by org.testng.reporters.JUnitXMLReporter -->
<testsuite ignored="0" hostname="DESKTOP-8P3C703" failures="0" tests="4" name="Test" time="22.583" errors="0" timestamp="2022-08-23T00:10:13 IST">
  <testcase classname="Academy.E2EProject.validateNavigationBar" name="landPageNavBar" time="0.089"/>
  <testcase classname="Academy.E2EProject.validateTitle" name="landPageCourseTitle" time="0.114"/>
  <testcase classname="Academy.E2EProject.baseNavigation" name="login" time="4.175"/>
  <testcase classname="Academy.E2EProject.baseNavigation" name="login" time="4.435"/>
</testsuite> <!-- Test -->
