<?xml version="1.0" encoding="UTF-8"?>
<!-- Generated by org.testng.reporters.JUnitXMLReporter -->
<testsuite ignored="0" hostname="DESKTOP-8P3C703" failures="0" tests="4" name="Test" time="26.988" errors="0" timestamp="2022-08-24T00:23:12 IST">
  <testcase classname="Academy.E2EProject.validateNavigationBar" name="landPageNavBar" time="0.143"/>
  <testcase classname="Academy.E2EProject.validateTitle" name="landPageCourseTitle" time="0.052"/>
  <testcase classname="Academy.E2EProject.baseNavigation" name="login" time="5.039"/>
  <testcase classname="Academy.E2EProject.baseNavigation" name="login" time="8.189"/>
</testsuite> <!-- Test -->
